DoraTheFileExplorer/app/build/intermediates/manifest_merge_blame_file/debug/manifest-merger-blame-debug-report.txt
1<?xml version="1.0" encoding="utf-8"?>
2<manifest xmlns:android="http://schemas.android.com/apk/res/android"
3    package="com.example.dorathefileexplorer"
4    android:versionCode="1"
5    android:versionName="1.0" >
6
7    <uses-sdk
8        android:minSdkVersion="21"
8-->src\main\AndroidManifest.xml
9        android:targetSdkVersion="32" />
9-->src\main\AndroidManifest.xml
10    /*This permission allows the app to read external storage on device*/
11    <uses-permission android:name="android.permission.READ_EXTERNAL_STORAGE" />
11-->src\main\AndroidManifest.xml:7:5-80
11-->src\main\AndroidManifest.xml:7:22-77
12    /*This permission allows the app to write to the external storage on device*/
13    <uses-permission android:name="android.permission.WRITE_EXTERNAL_STORAGE" />
13-->src\main\AndroidManifest.xml:10:5-81
13-->src\main\AndroidManifest.xml:10:22-78
14
15    <application
15-->src\main\AndroidManifest.xml:13:5-32:19
16        android:allowBackup="true"
16-->src\main\AndroidManifest.xml:14:9-35
17        android:appComponentFactory="androidx.core.app.CoreComponentFactory"
17-->[androidx.core:core:1.7.0] AndroidManifest.xml:24:18-86
18        android:dataExtractionRules="@xml/data_extraction_rules"
18-->src\main\AndroidManifest.xml:15:9-65
19        android:debuggable="true"
20        android:fullBackupContent="@xml/backup_rules"
20-->src\main\AndroidManifest.xml:16:9-54
21        android:icon="@mipmap/ic_launcher"
21-->src\main\AndroidManifest.xml:17:9-43
22        android:label="@string/app_name"
22-->src\main\AndroidManifest.xml:18:9-41
23        android:roundIcon="@mipmap/ic_launcher_round"
23-->src\main\AndroidManifest.xml:19:9-54
24        android:supportsRtl="true"
24-->src\main\AndroidManifest.xml:20:9-35
25        android:testOnly="true"
26        android:theme="@style/Theme.DoraTheFileExplorer" >
26-->src\main\AndroidManifest.xml:21:9-57
27        <activity
27-->src\main\AndroidManifest.xml:23:9-31:20
28            android:name="com.example.dorathefileexplorer.MainActivity"
28-->src\main\AndroidManifest.xml:24:13-41
29            android:exported="true" >
29-->src\main\AndroidManifest.xml:25:13-36
30            <intent-filter>
30-->src\main\AndroidManifest.xml:26:13-30:29
31                <action android:name="android.intent.action.MAIN" />
31-->src\main\AndroidManifest.xml:27:17-69
31-->src\main\AndroidManifest.xml:27:25-66
32
33                <category android:name="android.intent.category.LAUNCHER" />
33-->src\main\AndroidManifest.xml:29:17-77
33-->src\main\AndroidManifest.xml:29:27-74
34            </intent-filter>
35        </activity>
36    </application>
37
38</manifest>